app/build/outputs/logs/manifest-merger-debug-report.txt
-- Merging decision tree log ---
manifest
ADDED from src\main\AndroidManifest.xml:2:1-47:12
	package
		ADDED from src\main\AndroidManifest.xml:3:5-32
		INJECTED from src\main\AndroidManifest.xml
		INJECTED from src\main\AndroidManifest.xml
	android:versionName
		INJECTED from src\main\AndroidManifest.xml
		INJECTED from src\main\AndroidManifest.xml
	xmlns:android
		ADDED from src\main\AndroidManifest.xml:2:11-69
	android:versionCode
		INJECTED from src\main\AndroidManifest.xml
		INJECTED from src\main\AndroidManifest.xml
uses-permission#android.permission.BLUETOOTH
ADDED from src\main\AndroidManifest.xml:4:5-67
MERGED from [org.altbeacon:android-beacon-library:2.3.5] AndroidManifest.xml:11:5-68
	android:name
		ADDED from src\main\AndroidManifest.xml:4:22-65
uses-permission#android.permission.BLUETOOTH_ADMIN
ADDED from src\main\AndroidManifest.xml:5:5-73
MERGED from [org.altbeacon:android-beacon-library:2.3.5] AndroidManifest.xml:12:5-74
	android:name
		ADDED from src\main\AndroidManifest.xml:5:22-71
uses-feature#android.hardware.bluetooth_le
ADDED from src\main\AndroidManifest.xml:8:5-10:34
	android:required
		ADDED from src\main\AndroidManifest.xml:10:9-32
	android:name
		ADDED from src\main\AndroidManifest.xml:9:9-53
uses-permission#android.permission.ACCESS_FINE_LOCATION
ADDED from src\main\AndroidManifest.xml:14:5-78
	android:name
		ADDED from src\main\AndroidManifest.xml:14:22-76
uses-permission#android.permission.ACCESS_COARSE_LOCATION
ADDED from src\main\AndroidManifest.xml:15:5-80
	android:name
		ADDED from src\main\AndroidManifest.xml:15:22-78
uses-permission#android.permission.GET_ACCOUNTS
ADDED from src\main\AndroidManifest.xml:16:5-70
	android:name
		ADDED from src\main\AndroidManifest.xml:16:22-68
uses-permission#android.permission.INTERNET
ADDED from src\main\AndroidManifest.xml:17:5-66
	android:name
		ADDED from src\main\AndroidManifest.xml:17:22-64
uses-permission#android.permission.NETWORK
ADDED from src\main\AndroidManifest.xml:18:5-65
	android:name
		ADDED from src\main\AndroidManifest.xml:18:22-63
uses-permission#android.permission.USE_CREDENTIALS
ADDED from src\main\AndroidManifest.xml:19:5-73
	android:name
		ADDED from src\main\AndroidManifest.xml:19:22-71
application
ADDED from src\main\AndroidManifest.xml:21:5-45:19
MERGED from [com.android.support:design:24.2.1] AndroidManifest.xml:22:5-20
MERGED from [com.android.support:support-v4:24.2.1] AndroidManifest.xml:25:5-20
MERGED from [com.android.support:support-compat:24.2.1] AndroidManifest.xml:25:5-20
MERGED from [com.android.support:support-media-compat:24.2.1] AndroidManifest.xml:25:5-20
MERGED from [com.android.support:support-core-utils:24.2.1] AndroidManifest.xml:25:5-20
MERGED from [com.android.support:support-core-ui:24.2.1] AndroidManifest.xml:25:5-20
MERGED from [com.android.support:support-fragment:24.2.1] AndroidManifest.xml:25:5-20
MERGED from [com.android.support:appcompat-v7:24.2.1] AndroidManifest.xml:25:5-20
MERGED from [com.android.support:support-vector-drawable:24.2.1] AndroidManifest.xml:23:5-20
MERGED from [com.android.support:animated-vector-drawable:24.2.1] AndroidManifest.xml:22:5-20
MERGED from [org.altbeacon:android-beacon-library:2.3.5] AndroidManifest.xml:15:5-34:19
	android:label
		ADDED from src\main\AndroidManifest.xml:24:9-41
	android:supportsRtl
		ADDED from src\main\AndroidManifest.xml:25:9-35
	android:allowBackup
		ADDED from src\main\AndroidManifest.xml:22:9-35
	android:icon
		ADDED from src\main\AndroidManifest.xml:23:9-43
	android:theme
		ADDED from src\main\AndroidManifest.xml:26:9-40
meta-data#com.google.android.geo.API_KEY
ADDED from src\main\AndroidManifest.xml:33:9-34:70
	android:value
		ADDED from src\main\AndroidManifest.xml:34:13-68
	android:name
		ADDED from src\main\AndroidManifest.xml:33:20-65
activity#kenneth.jf.siaapp.dashboard
ADDED from src\main\AndroidManifest.xml:35:9-44:20
	android:label
		ADDED from src\main\AndroidManifest.xml:37:13-45
	android:theme
		ADDED from src\main\AndroidManifest.xml:38:13-56
	android:name
		ADDED from src\main\AndroidManifest.xml:36:13-38
intent-filter#android.intent.action.MAIN+android.intent.category.LAUNCHER
ADDED from src\main\AndroidManifest.xml:40:13-43:29
action#android.intent.action.MAIN
ADDED from src\main\AndroidManifest.xml:41:17-69
	android:name
		ADDED from src\main\AndroidManifest.xml:41:25-66
category#android.intent.category.LAUNCHER
ADDED from src\main\AndroidManifest.xml:42:17-77
	android:name
		ADDED from src\main\AndroidManifest.xml:42:27-74
uses-sdk
INJECTED from src\main\AndroidManifest.xml reason: use-sdk injection requested
MERGED from [com.android.support:design:24.2.1] AndroidManifest.xml:20:5-43
MERGED from [com.android.support:support-v4:24.2.1] AndroidManifest.xml:21:5-23:54
MERGED from [com.android.support:support-compat:24.2.1] AndroidManifest.xml:21:5-23:58
MERGED from [com.android.support:support-media-compat:24.2.1] AndroidManifest.xml:21:5-23:63
MERGED from [com.android.support:support-core-utils:24.2.1] AndroidManifest.xml:21:5-23:61
MERGED from [com.android.support:support-core-ui:24.2.1] AndroidManifest.xml:21:5-23:58
MERGED from [com.android.support:support-fragment:24.2.1] AndroidManifest.xml:21:5-23:60
MERGED from [com.android.support:appcompat-v7:24.2.1] AndroidManifest.xml:21:5-23:78
MERGED from [com.android.support:support-vector-drawable:24.2.1] AndroidManifest.xml:21:5-43
MERGED from [com.android.support:animated-vector-drawable:24.2.1] AndroidManifest.xml:20:5-44
MERGED from [com.android.support:recyclerview-v7:24.2.1] AndroidManifest.xml:20:5-43
MERGED from [org.altbeacon:android-beacon-library:2.3.5] AndroidManifest.xml:7:5-9:41
	tools:overrideLibrary
		ADDED from [com.android.support:support-v4:24.2.1] AndroidManifest.xml:23:9-51
	android:targetSdkVersion
		INJECTED from src\main\AndroidManifest.xml
		INJECTED from src\main\AndroidManifest.xml
	android:minSdkVersion
		INJECTED from src\main\AndroidManifest.xml
		INJECTED from src\main\AndroidManifest.xml
uses-permission#android.permission.RECEIVE_BOOT_COMPLETED
ADDED from [org.altbeacon:android-beacon-library:2.3.5] AndroidManifest.xml:13:5-81
	android:name
		ADDED from [org.altbeacon:android-beacon-library:2.3.5] AndroidManifest.xml:13:22-78
receiver#org.altbeacon.beacon.startup.StartupBroadcastReceiver
ADDED from [org.altbeacon:android-beacon-library:2.3.5] AndroidManifest.xml:16:9-22:20
	android:name
		ADDED from [org.altbeacon:android-beacon-library:2.3.5] AndroidManifest.xml:16:19-87
intent-filter#android.intent.action.ACTION_POWER_CONNECTED+android.intent.action.ACTION_POWER_DISCONNECTED+android.intent.action.BOOT_COMPLETED
ADDED from [org.altbeacon:android-beacon-library:2.3.5] AndroidManifest.xml:17:13-21:29
action#android.intent.action.BOOT_COMPLETED
ADDED from [org.altbeacon:android-beacon-library:2.3.5] AndroidManifest.xml:18:17-79
	android:name
		ADDED from [org.altbeacon:android-beacon-library:2.3.5] AndroidManifest.xml:18:25-76
action#android.intent.action.ACTION_POWER_CONNECTED
ADDED from [org.altbeacon:android-beacon-library:2.3.5] AndroidManifest.xml:19:17-87
	android:name
		ADDED from [org.altbeacon:android-beacon-library:2.3.5] AndroidManifest.xml:19:25-84
action#android.intent.action.ACTION_POWER_DISCONNECTED
ADDED from [org.altbeacon:android-beacon-library:2.3.5] AndroidManifest.xml:20:17-90
	android:name
		ADDED from [org.altbeacon:android-beacon-library:2.3.5] AndroidManifest.xml:20:25-87
service#org.altbeacon.beacon.service.BeaconService
ADDED from [org.altbeacon:android-beacon-library:2.3.5] AndroidManifest.xml:24:9-29:38
	android:enabled
		ADDED from [org.altbeacon:android-beacon-library:2.3.5] AndroidManifest.xml:26:13-35
	android:label
		ADDED from [org.altbeacon:android-beacon-library:2.3.5] AndroidManifest.xml:29:13-35
	android:exported
		ADDED from [org.altbeacon:android-beacon-library:2.3.5] AndroidManifest.xml:27:13-37
	android:isolatedProcess
		ADDED from [org.altbeacon:android-beacon-library:2.3.5] AndroidManifest.xml:28:13-44
	android:name
		ADDED from [org.altbeacon:android-beacon-library:2.3.5] AndroidManifest.xml:25:13-70
service#org.altbeacon.beacon.BeaconIntentProcessor
ADDED from [org.altbeacon:android-beacon-library:2.3.5] AndroidManifest.xml:30:9-33:40
	android:enabled
		ADDED from [org.altbeacon:android-beacon-library:2.3.5] AndroidManifest.xml:32:13-35
	android:exported
		ADDED from [org.altbeacon:android-beacon-library:2.3.5] AndroidManifest.xml:33:13-37
	android:name
		ADDED from [org.altbeacon:android-beacon-library:2.3.5] AndroidManifest.xml:31:13-70